# JRE version: OpenJDK Runtime Environment Temurin-17.0.6+10 (17.0.6+10) (build 17.0.6+10)
# Java VM: OpenJDK 64-Bit Server VM Temurin-17.0.6+10 (17.0.6+10, mixed mode, sharing, tiered, compressed oops, compressed class ptrs, g1 gc, windows-amd64)
GC Precious Log:
 CPUs: 6 total, 6 available
 Memory: 16326M
 Large Page Support: Disabled
 NUMA Support: Disabled
 Compressed Oops: Enabled (Zero based)
 Heap Region Size: 2M
 Heap Min Capacity: 8M
 Heap Initial Capacity: 256M
 Heap Max Capacity: 4082M
 Pre-touch: Disabled
 Parallel Workers: 6
 Concurrent Workers: 2
 Concurrent Refinement Workers: 6
 Periodic GC: Disabled
Heap:
 garbage-first heap   total 159744K, used 39141K [0x0000000700e00000, 0x0000000800000000)
  region size 2048K, 13 young (26624K), 1 survivors (2048K)
 Metaspace       used 33748K, committed 34176K, reserved 1081344K
  class space    used 4487K, committed 4672K, reserved 1048576K
GC Heap History (12 events):
Event: 0.421 GC heap before
{Heap before GC invocations=0 (full 0):
 garbage-first heap   total 262144K, used 18432K [0x0000000700e00000, 0x0000000800000000)
  region size 2048K, 10 young (20480K), 0 survivors (0K)
 Metaspace       used 5561K, committed 5760K, reserved 1056768K
  class space    used 646K, committed 768K, reserved 1048576K
}
Event: 0.423 GC heap after
{Heap after GC invocations=1 (full 0):
 garbage-first heap   total 262144K, used 6618K [0x0000000700e00000, 0x0000000800000000)
  region size 2048K, 2 young (4096K), 2 survivors (4096K)
 Metaspace       used 5561K, committed 5760K, reserved 1056768K
  class space    used 646K, committed 768K, reserved 1048576K
}
Event: 0.678 GC heap before
{Heap before GC invocations=1 (full 0):
 garbage-first heap   total 262144K, used 29146K [0x0000000700e00000, 0x0000000800000000)
  region size 2048K, 13 young (26624K), 2 survivors (4096K)
 Metaspace       used 10807K, committed 11008K, reserved 1064960K
  class space    used 1434K, committed 1536K, reserved 1048576K
}
Event: 0.681 GC heap after
{Heap after GC invocations=2 (full 0):
 garbage-first heap   total 262144K, used 8214K [0x0000000700e00000, 0x0000000800000000)
  region size 2048K, 1 young (2048K), 1 survivors (2048K)
 Metaspace       used 10807K, committed 11008K, reserved 1064960K
  class space    used 1434K, committed 1536K, reserved 1048576K
}
Event: 1.352 GC heap before
{Heap before GC invocations=2 (full 0):
 garbage-first heap   total 262144K, used 65558K [0x0000000700e00000, 0x0000000800000000)
  region size 2048K, 30 young (61440K), 1 survivors (2048K)
 Metaspace       used 21261K, committed 21504K, reserved 1073152K
  class space    used 2713K, committed 2880K, reserved 1048576K
}
Event: 1.356 GC heap after
{Heap after GC invocations=3 (full 0):
 garbage-first heap   total 262144K, used 12571K [0x0000000700e00000, 0x0000000800000000)
  region size 2048K, 3 young (6144K), 3 survivors (6144K)
 Metaspace       used 21261K, committed 21504K, reserved 1073152K
  class space    used 2713K, committed 2880K, reserved 1048576K
}
Event: 1.814 GC heap before
{Heap before GC invocations=4 (full 0):
 garbage-first heap   total 55296K, used 39195K [0x0000000700e00000, 0x0000000800000000)
  region size 2048K, 17 young (34816K), 3 survivors (6144K)
 Metaspace       used 26199K, committed 26560K, reserved 1073152K
  class space    used 3431K, committed 3584K, reserved 1048576K
}
Event: 1.819 GC heap after
{Heap after GC invocations=5 (full 0):
 garbage-first heap   total 55296K, used 15450K [0x0000000700e00000, 0x0000000800000000)
  region size 2048K, 5 young (10240K), 5 survivors (10240K)
 Metaspace       used 26199K, committed 26560K, reserved 1073152K
  class space    used 3431K, committed 3584K, reserved 1048576K
}
Event: 1.846 GC heap before
{Heap before GC invocations=5 (full 0):
 garbage-first heap   total 55296K, used 17498K [0x0000000700e00000, 0x0000000800000000)
  region size 2048K, 6 young (12288K), 5 survivors (10240K)
 Metaspace       used 26438K, committed 26816K, reserved 1073152K
  class space    used 3487K, committed 3648K, reserved 1048576K
}
Event: 1.851 GC heap after
{Heap after GC invocations=6 (full 0):
 garbage-first heap   total 55296K, used 16308K [0x0000000700e00000, 0x0000000800000000)
  region size 2048K, 1 young (2048K), 1 survivors (2048K)
 Metaspace       used 26438K, committed 26816K, reserved 1073152K
  class space    used 3487K, committed 3648K, reserved 1048576K
}
Event: 2.216 GC heap before
{Heap before GC invocations=6 (full 0):
 garbage-first heap   total 55296K, used 34740K [0x0000000700e00000, 0x0000000800000000)
  region size 2048K, 10 young (20480K), 1 survivors (2048K)
 Metaspace       used 29855K, committed 30272K, reserved 1081344K
  class space    used 3895K, committed 4096K, reserved 1048576K
}
Event: 2.219 GC heap after
{Heap after GC invocations=7 (full 0):
 garbage-first heap   total 159744K, used 16613K [0x0000000700e00000, 0x0000000800000000)
  region size 2048K, 1 young (2048K), 1 survivors (2048K)
 Metaspace       used 29855K, committed 30272K, reserved 1081344K
  class space    used 3895K, committed 4096K, reserved 1048576K
}

